c:\users\dell\onedrive - higher education commission\desktop\giki\2nd semester\cs112\cs112_assignment6_2023330\cs112_2023330\x64\debug\cs112_2023330.pch
c:\users\dell\onedrive - higher education commission\desktop\giki\2nd semester\cs112\cs112_assignment6_2023330\cs112_2023330\x64\debug\vc143.pdb
c:\users\dell\onedrive - higher education commission\desktop\giki\2nd semester\cs112\cs112_assignment6_2023330\cs112_2023330\x64\debug\pch.obj
c:\users\dell\onedrive - higher education commission\desktop\giki\2nd semester\cs112\cs112_assignment6_2023330\cs112_2023330\x64\debug\form1.obj
c:\users\dell\onedrive - higher education commission\desktop\giki\2nd semester\cs112\cs112_assignment6_2023330\cs112_2023330\x64\debug\cppclr_winformsproject.obj
c:\users\dell\onedrive - higher education commission\desktop\giki\2nd semester\cs112\cs112_assignment6_2023330\cs112_2023330\x64\debug\assemblyinfo.obj
c:\users\dell\onedrive - higher education commission\desktop\giki\2nd semester\cs112\cs112_assignment6_2023330\cs112_2023330\x64\debug\.netframework,version=v4.7.2.assemblyattributes.obj
c:\users\dell\onedrive - higher education commission\desktop\giki\2nd semester\cs112\cs112_assignment6_2023330\x64\debug\cs112_2023330.exe
c:\users\dell\onedrive - higher education commission\desktop\giki\2nd semester\cs112\cs112_assignment6_2023330\x64\debug\cs112_2023330.pdb
c:\users\dell\onedrive - higher education commission\desktop\giki\2nd semester\cs112\cs112_assignment6_2023330\cs112_2023330\x64\debug\app.res
c:\users\dell\onedrive - higher education commission\desktop\giki\2nd semester\cs112\cs112_assignment6_2023330\cs112_2023330\x64\debug\cs112_2023330.tlog\cl.command.1.tlog
c:\users\dell\onedrive - higher education commission\desktop\giki\2nd semester\cs112\cs112_assignment6_2023330\cs112_2023330\x64\debug\cs112_2023330.tlog\cl.items.tlog
c:\users\dell\onedrive - higher education commission\desktop\giki\2nd semester\cs112\cs112_assignment6_2023330\cs112_2023330\x64\debug\cs112_2023330.tlog\cl.read.1.tlog
c:\users\dell\onedrive - higher education commission\desktop\giki\2nd semester\cs112\cs112_assignment6_2023330\cs112_2023330\x64\debug\cs112_2023330.tlog\cl.write.1.tlog
c:\users\dell\onedrive - higher education commission\desktop\giki\2nd semester\cs112\cs112_assignment6_2023330\cs112_2023330\x64\debug\cs112_2023330.tlog\link.command.1.tlog
c:\users\dell\onedrive - higher education commission\desktop\giki\2nd semester\cs112\cs112_assignment6_2023330\cs112_2023330\x64\debug\cs112_2023330.tlog\link.read.1.tlog
c:\users\dell\onedrive - higher education commission\desktop\giki\2nd semester\cs112\cs112_assignment6_2023330\cs112_2023330\x64\debug\cs112_2023330.tlog\link.secondary.1.tlog
c:\users\dell\onedrive - higher education commission\desktop\giki\2nd semester\cs112\cs112_assignment6_2023330\cs112_2023330\x64\debug\cs112_2023330.tlog\link.write.1.tlog
c:\users\dell\onedrive - higher education commission\desktop\giki\2nd semester\cs112\cs112_assignment6_2023330\cs112_2023330\x64\debug\cs112_2023330.tlog\metagen.read.1.tlog
c:\users\dell\onedrive - higher education commission\desktop\giki\2nd semester\cs112\cs112_assignment6_2023330\cs112_2023330\x64\debug\cs112_2023330.tlog\metagen.write.1.tlog
c:\users\dell\onedrive - higher education commission\desktop\giki\2nd semester\cs112\cs112_assignment6_2023330\cs112_2023330\x64\debug\cs112_2023330.tlog\rc.command.1.tlog
c:\users\dell\onedrive - higher education commission\desktop\giki\2nd semester\cs112\cs112_assignment6_2023330\cs112_2023330\x64\debug\cs112_2023330.tlog\rc.read.1.tlog
c:\users\dell\onedrive - higher education commission\desktop\giki\2nd semester\cs112\cs112_assignment6_2023330\cs112_2023330\x64\debug\cs112_2023330.tlog\rc.write.1.tlog
c:\users\dell\onedrive - higher education commission\desktop\giki\2nd semester\cs112\cs112_assignment6_2023330\cs112_2023330\x64\debug\cs112_2023330.tlog\resgen.command.1.tlog
c:\users\dell\onedrive - higher education commission\desktop\giki\2nd semester\cs112\cs112_assignment6_2023330\cs112_2023330\x64\debug\cs112_2023330.tlog\resgen.read.1.tlog
c:\users\dell\onedrive - higher education commission\desktop\giki\2nd semester\cs112\cs112_assignment6_2023330\cs112_2023330\x64\debug\cs112_2023330.tlog\resgen.write.1.tlog
